{"level":"info","message":"global is changed  try to restart server ..","timestamp":"2017-05-02T08:34:20.864Z"}
{"level":"info","message":"models is changed  try to restart server ..","timestamp":"2017-05-02T08:34:20.864Z"}
{"level":"info","message":"routes is changed  try to restart server ..","timestamp":"2017-05-02T08:34:20.864Z"}
{"level":"info","message":"views is changed  try to restart server ..","timestamp":"2017-05-02T08:34:20.880Z"}
{"level":"info","message":"controllers is changed  try to restart server ..","timestamp":"2017-05-02T08:34:20.880Z"}
{"level":"info","message":"common is changed  try to restart server ..","timestamp":"2017-05-02T08:34:20.880Z"}
{"level":"info","message":"common is changed  try to restart server ..","timestamp":"2017-05-02T08:34:20.880Z"}
{"level":"info","message":"worker 6536 died","timestamp":"2017-05-02T08:34:20.895Z"}
{"level":"info","message":"g2g is changed  try to restart server ..","timestamp":"2017-05-02T08:34:20.895Z"}
{"level":"info","message":"g2g is changed  try to restart server ..","timestamp":"2017-05-02T08:34:20.895Z"}
{"level":"info","message":"g2g is changed  try to restart server ..","timestamp":"2017-05-02T08:34:20.911Z"}
{"level":"info","message":"worker 6160 died","timestamp":"2017-05-02T08:34:20.911Z"}
{"level":"info","message":"common is changed  try to restart server ..","timestamp":"2017-05-02T08:34:20.911Z"}
{"level":"info","message":"worker 4916 died","timestamp":"2017-05-02T08:34:20.911Z"}
{"level":"info","message":"nylon Server run at env : development","timestamp":"2017-05-02T08:34:21.255Z"}
{"level":"info","message":"Load Module :: M03-express-morgan.js","timestamp":"2017-05-02T08:34:21.271Z"}
{"level":"info","message":"Load Module :: M02-express-passport.js","timestamp":"2017-05-02T08:34:21.333Z"}
{"level":"info","message":"Load Module :: M01-express-rethinkdb.js","timestamp":"2017-05-02T08:34:21.521Z"}
{"level":"info","message":"Load Module :: M04-express-body-parser.js","timestamp":"2017-05-02T08:34:21.927Z"}
{"level":"info","message":"Load Module :: M05-express-view-engine.js","timestamp":"2017-05-02T08:34:22.036Z"}
{"level":"info","message":"Load Module :: M06-express-sass.js","timestamp":"2017-05-02T08:34:22.036Z"}
{"level":"info","message":"Load Module :: M07-express-validator.js","timestamp":"2017-05-02T08:34:22.099Z"}
{"level":"info","message":"Load Module :: M08-express-java.js","timestamp":"2017-05-02T08:34:22.271Z"}
{"message":"The specified module could not be found.\r\n\\\\?\\C:\\Users\\Tonsai\\AppData\\Roaming\\npm\\node_modules\\nylon-cli\\node_modules\\java\\build\\Release\\nodejavabridge_bindings.node","stack":"Error: The specified module could not be found.\r\n\\\\?\\C:\\Users\\Tonsai\\AppData\\Roaming\\npm\\node_modules\\nylon-cli\\node_modules\\java\\build\\Release\\nodejavabridge_bindings.node\n    at Error (native)\n    at Object.Module._extensions..node (module.js:597:18)\n    at Module.load (module.js:487:32)\n    at tryModuleLoad (module.js:446:12)\n    at Function.Module._load (module.js:438:3)\n    at Module.require (module.js:497:17)\n    at require (internal/module.js:20:19)\n    at Object.<anonymous> (C:\\Users\\Tonsai\\AppData\\Roaming\\npm\\node_modules\\nylon-cli\\node_modules\\java\\lib\\nodeJavaBridge.js:21:16)\n    at Module._compile (module.js:570:32)\n    at Object.Module._extensions..js (module.js:579:10)\n    at Module.load (module.js:487:32)\n    at tryModuleLoad (module.js:446:12)\n    at Function.Module._load (module.js:438:3)\n    at Module.require (module.js:497:17)\n    at require (internal/module.js:20:19)\n    at Object.<anonymous> (C:\\Users\\Tonsai\\AppData\\Roaming\\npm\\node_modules\\nylon-cli\\node_modules\\java\\index.js:2:18)","level":"error","timestamp":"2017-05-02T08:34:22.427Z"}
{"level":"info","message":"Load Module :: M09-express-java-iReport.js","timestamp":"2017-05-02T08:34:22.458Z"}
{"level":"info","message":"Load Module :: M10-express-java-jdbc.js","timestamp":"2017-05-02T08:34:22.474Z"}
{"level":"info","message":"Load Module :: M11-express-pusher.js","timestamp":"2017-05-02T08:34:22.474Z"}
{"level":"info","message":"Load Module :: M12-express-load-route.js","timestamp":"2017-05-02T08:34:22.474Z"}
{"level":"info","message":"Nylon server listening on port 8082 pid 4636","timestamp":"2017-05-02T08:34:22.490Z"}
{"level":"info","message":"Load Data Model :: /app/models/user.model.json","timestamp":"2017-05-02T08:34:22.505Z"}
{"level":"info","message":"Load Data Model :: /app/models/common/bank.model.json","timestamp":"2017-05-02T08:34:22.505Z"}
{"level":"info","message":"Load Data Model :: /app/models/common/carrier.model.json","timestamp":"2017-05-02T08:34:22.505Z"}
{"level":"info","message":"Load Data Model :: /app/models/common/buyer.model.json","timestamp":"2017-05-02T08:34:22.505Z"}
{"level":"info","message":"Load Data Model :: /app/models/common/continent.model.json","timestamp":"2017-05-02T08:34:22.521Z"}
{"level":"info","message":"Load Data Model :: /app/models/common/country.model.json","timestamp":"2017-05-02T08:34:22.521Z"}
{"level":"info","message":"Load Data Model :: /app/models/common/incoterms.model.json","timestamp":"2017-05-02T08:34:22.536Z"}
{"level":"info","message":"Load Data Model :: /app/models/common/notify_party.model.json","timestamp":"2017-05-02T08:34:22.536Z"}
{"level":"info","message":"Load Data Model :: /app/models/common/package.model.json","timestamp":"2017-05-02T08:34:22.536Z"}
{"level":"info","message":"Load Data Model :: /app/models/common/port.model.json","timestamp":"2017-05-02T08:34:22.536Z"}
{"level":"info","message":"Load Data Model :: /app/models/common/shipline.model.json","timestamp":"2017-05-02T08:34:22.552Z"}
{"level":"info","message":"Load Data Model :: /app/models/common/ship.model.json","timestamp":"2017-05-02T08:34:22.552Z"}
{"level":"info","message":"Load Data Model :: /app/models/common/surveyor.model.json","timestamp":"2017-05-02T08:34:22.552Z"}
{"level":"info","message":"Load Data Model :: /app/models/common/type_rice.model.json","timestamp":"2017-05-02T08:34:22.552Z"}
{"level":"info","message":"Load Data Model :: /app/models/g2g/confirm_letter.model.json","timestamp":"2017-05-02T08:34:22.568Z"}
{"level":"info","message":"Load Data Model :: /app/models/g2g/contract.model.json","timestamp":"2017-05-02T08:34:22.568Z"}
{"level":"info","message":"Load Data Model :: /app/models/g2g/fee.model.json","timestamp":"2017-05-02T08:34:22.568Z"}
{"level":"info","message":"Load Data Model :: /app/models/g2g/fee_detail.model.json","timestamp":"2017-05-02T08:34:22.584Z"}
{"level":"info","message":"Load Data Model :: /app/models/g2g/invoice.model.json","timestamp":"2017-05-02T08:34:22.584Z"}
{"level":"info","message":"Load Data Model :: /app/models/g2g/payment.model.json","timestamp":"2017-05-02T08:34:22.584Z"}
{"level":"info","message":"Load Data Model :: /app/models/g2g/payment_detail.model.json","timestamp":"2017-05-02T08:34:22.584Z"}
{"level":"info","message":"Load Data Model :: /app/models/g2g/shipment.model.json","timestamp":"2017-05-02T08:34:22.599Z"}
{"level":"info","message":"Load Data Model :: /app/models/g2g/shipment_detail.model.json","timestamp":"2017-05-02T08:34:22.599Z"}
{"level":"info","message":"Load Data Model :: /app/models/g2g/book.model.json","timestamp":"2017-05-02T08:34:22.599Z"}
{"level":"info","message":"nylon start route ::  /api/index >> /app/routes/index.routes.js","timestamp":"2017-05-02T08:34:22.599Z"}
{"level":"info","message":"nylon start route ::  /api/common/bank >> /app/routes/common/bank.routes.js","timestamp":"2017-05-02T08:34:22.615Z"}
{"level":"info","message":"nylon start route ::  /api/common/buyer >> /app/routes/common/buyer.routes.js","timestamp":"2017-05-02T08:34:22.615Z"}
{"level":"info","message":"nylon start route ::  /api/common/carrier >> /app/routes/common/carrier.routes.js","timestamp":"2017-05-02T08:34:22.615Z"}
{"level":"info","message":"nylon start route ::  /api/common/continent >> /app/routes/common/continent.routes.js","timestamp":"2017-05-02T08:34:22.630Z"}
{"level":"info","message":"nylon start route ::  /api/common/country >> /app/routes/common/country.routes.js","timestamp":"2017-05-02T08:34:22.630Z"}
{"level":"info","message":"nylon start route ::  /api/common/notify_party >> /app/routes/common/notify_party.routes.js","timestamp":"2017-05-02T08:34:22.630Z"}
{"level":"info","message":"nylon start route ::  /api/common/incoterms >> /app/routes/common/incoterms.routes.js","timestamp":"2017-05-02T08:34:22.630Z"}
{"level":"info","message":"nylon start route ::  /api/common/package >> /app/routes/common/package.routes.js","timestamp":"2017-05-02T08:34:22.646Z"}
{"level":"info","message":"nylon start route ::  /api/common/port >> /app/routes/common/port.routes.js","timestamp":"2017-05-02T08:34:22.646Z"}
{"level":"info","message":"nylon start route ::  /api/common/province >> /app/routes/common/province.routes.js","timestamp":"2017-05-02T08:34:22.646Z"}
{"level":"info","message":"nylon start route ::  /api/common/ship >> /app/routes/common/ship.routes.js","timestamp":"2017-05-02T08:34:22.661Z"}
{"level":"info","message":"nylon start route ::  /api/common/shipline >> /app/routes/common/shipline.routes.js","timestamp":"2017-05-02T08:34:22.661Z"}
{"level":"info","message":"nylon start route ::  /api/common/type_rice >> /app/routes/common/type_rice.routes.js","timestamp":"2017-05-02T08:34:22.661Z"}
{"level":"info","message":"nylon start route ::  /api/common/surveyor >> /app/routes/common/surveyor.routes.js","timestamp":"2017-05-02T08:34:22.661Z"}
{"level":"info","message":"nylon start route ::  /api/g2g/confirm >> /app/routes/g2g/confirm.routes.js","timestamp":"2017-05-02T08:34:22.677Z"}
{"level":"info","message":"nylon start route ::  /api/g2g/contract >> /app/routes/g2g/contract.routes.js","timestamp":"2017-05-02T08:34:22.677Z"}
{"level":"info","message":"nylon start route ::  /api/g2g/book >> /app/routes/g2g/book.routes.js","timestamp":"2017-05-02T08:34:22.677Z"}
{"level":"info","message":"nylon start route ::  /api/g2g/fee_detail >> /app/routes/g2g/fee_detail.routes.js","timestamp":"2017-05-02T08:34:22.693Z"}
{"level":"info","message":"nylon start route ::  /api/g2g/fee >> /app/routes/g2g/fee.routes.js","timestamp":"2017-05-02T08:34:22.693Z"}
{"level":"info","message":"nylon start route ::  /api/g2g/payment_detail >> /app/routes/g2g/payment_detail.routes.js","timestamp":"2017-05-02T08:34:22.693Z"}
{"level":"info","message":"nylon start route ::  /api/g2g/invoice >> /app/routes/g2g/invoice.routes.js","timestamp":"2017-05-02T08:34:22.693Z"}
{"level":"info","message":"nylon start route ::  /api/g2g/shipment >> /app/routes/g2g/shipment.routes.js","timestamp":"2017-05-02T08:34:22.708Z"}
{"level":"info","message":"nylon start route ::  /api/g2g/shipment_detail >> /app/routes/g2g/shipment_detail.routes.js","timestamp":"2017-05-02T08:34:22.708Z"}
{"level":"info","message":"nylon start route ::  /api/g2g/payment >> /app/routes/g2g/payment.routes.js","timestamp":"2017-05-02T08:34:22.708Z"}
{"level":"info","message":"Load Data Mode is ok","timestamp":"2017-05-02T08:34:22.771Z"}
{"level":"info","message":"nylon Server run at env : development","timestamp":"2017-05-02T08:35:43.703Z"}
{"level":"info","message":"Load Module :: M01-express-rethinkdb.js","timestamp":"2017-05-02T08:35:43.719Z"}
{"level":"info","message":"Load Module :: M02-express-passport.js","timestamp":"2017-05-02T08:35:43.828Z"}
{"level":"info","message":"Load Module :: M03-express-morgan.js","timestamp":"2017-05-02T08:35:43.875Z"}
{"level":"info","message":"Load Module :: M04-express-body-parser.js","timestamp":"2017-05-02T08:35:43.875Z"}
{"level":"info","message":"Load Module :: M05-express-view-engine.js","timestamp":"2017-05-02T08:35:43.891Z"}
{"level":"info","message":"Load Module :: M06-express-sass.js","timestamp":"2017-05-02T08:35:43.891Z"}
{"level":"info","message":"Load Module :: M07-express-validator.js","timestamp":"2017-05-02T08:35:43.906Z"}
{"level":"info","message":"Load Module :: M08-express-java.js","timestamp":"2017-05-02T08:35:43.938Z"}
{"message":"The specified module could not be found.\r\n\\\\?\\C:\\Users\\Tonsai\\AppData\\Roaming\\npm\\node_modules\\nylon-cli\\node_modules\\java\\build\\Release\\nodejavabridge_bindings.node","stack":"Error: The specified module could not be found.\r\n\\\\?\\C:\\Users\\Tonsai\\AppData\\Roaming\\npm\\node_modules\\nylon-cli\\node_modules\\java\\build\\Release\\nodejavabridge_bindings.node\n    at Error (native)\n    at Object.Module._extensions..node (module.js:597:18)\n    at Module.load (module.js:487:32)\n    at tryModuleLoad (module.js:446:12)\n    at Function.Module._load (module.js:438:3)\n    at Module.require (module.js:497:17)\n    at require (internal/module.js:20:19)\n    at Object.<anonymous> (C:\\Users\\Tonsai\\AppData\\Roaming\\npm\\node_modules\\nylon-cli\\node_modules\\java\\lib\\nodeJavaBridge.js:21:16)\n    at Module._compile (module.js:570:32)\n    at Object.Module._extensions..js (module.js:579:10)\n    at Module.load (module.js:487:32)\n    at tryModuleLoad (module.js:446:12)\n    at Function.Module._load (module.js:438:3)\n    at Module.require (module.js:497:17)\n    at require (internal/module.js:20:19)\n    at Object.<anonymous> (C:\\Users\\Tonsai\\AppData\\Roaming\\npm\\node_modules\\nylon-cli\\node_modules\\java\\index.js:2:18)","level":"error","timestamp":"2017-05-02T08:35:44.000Z"}
{"level":"info","message":"Load Module :: M09-express-java-iReport.js","timestamp":"2017-05-02T08:35:44.000Z"}
{"level":"info","message":"Load Module :: M10-express-java-jdbc.js","timestamp":"2017-05-02T08:35:44.016Z"}
{"level":"info","message":"Load Module :: M11-express-pusher.js","timestamp":"2017-05-02T08:35:44.016Z"}
{"level":"info","message":"Load Module :: M12-express-load-route.js","timestamp":"2017-05-02T08:35:44.016Z"}
{"level":"info","message":"Nylon server listening on port 3001 pid 7348","timestamp":"2017-05-02T08:35:44.031Z"}
{"level":"info","message":"Load Data Model :: /app/models/user.model.json","timestamp":"2017-05-02T08:35:44.047Z"}
{"level":"info","message":"Load Data Model :: /app/models/g2g/book.model.json","timestamp":"2017-05-02T08:35:44.047Z"}
{"level":"info","message":"Load Data Model :: /app/models/g2g/contract.model.json","timestamp":"2017-05-02T08:35:44.047Z"}
{"level":"info","message":"Load Data Model :: /app/models/g2g/confirm_letter.model.json","timestamp":"2017-05-02T08:35:44.047Z"}
{"level":"info","message":"Load Data Model :: /app/models/g2g/fee.model.json","timestamp":"2017-05-02T08:35:44.063Z"}
{"level":"info","message":"Load Data Model :: /app/models/g2g/invoice.model.json","timestamp":"2017-05-02T08:35:44.063Z"}
{"level":"info","message":"Load Data Model :: /app/models/g2g/fee_detail.model.json","timestamp":"2017-05-02T08:35:44.063Z"}
{"level":"info","message":"Load Data Model :: /app/models/g2g/payment.model.json","timestamp":"2017-05-02T08:35:44.063Z"}
{"level":"info","message":"Load Data Model :: /app/models/g2g/payment_detail.model.json","timestamp":"2017-05-02T08:35:44.078Z"}
{"level":"info","message":"Load Data Model :: /app/models/g2g/shipment.model.json","timestamp":"2017-05-02T08:35:44.078Z"}
{"level":"info","message":"Load Data Model :: /app/models/g2g/shipment_detail.model.json","timestamp":"2017-05-02T08:35:44.078Z"}
{"level":"info","message":"Load Data Model :: /app/models/common/carrier.model.json","timestamp":"2017-05-02T08:35:44.078Z"}
{"level":"info","message":"Load Data Model :: /app/models/common/bank.model.json","timestamp":"2017-05-02T08:35:44.094Z"}
{"level":"info","message":"Load Data Model :: /app/models/common/buyer.model.json","timestamp":"2017-05-02T08:35:44.094Z"}
{"level":"info","message":"Load Data Model :: /app/models/common/country.model.json","timestamp":"2017-05-02T08:35:44.094Z"}
{"level":"info","message":"Load Data Model :: /app/models/common/continent.model.json","timestamp":"2017-05-02T08:35:44.094Z"}
{"level":"info","message":"Load Data Model :: /app/models/common/incoterms.model.json","timestamp":"2017-05-02T08:35:44.110Z"}
{"level":"info","message":"Load Data Model :: /app/models/common/notify_party.model.json","timestamp":"2017-05-02T08:35:44.110Z"}
{"level":"info","message":"Load Data Model :: /app/models/common/package.model.json","timestamp":"2017-05-02T08:35:44.110Z"}
{"level":"info","message":"Load Data Model :: /app/models/common/port.model.json","timestamp":"2017-05-02T08:35:44.110Z"}
{"level":"info","message":"Load Data Model :: /app/models/common/ship.model.json","timestamp":"2017-05-02T08:35:44.125Z"}
{"level":"info","message":"Load Data Model :: /app/models/common/shipline.model.json","timestamp":"2017-05-02T08:35:44.125Z"}
{"level":"info","message":"Load Data Model :: /app/models/common/surveyor.model.json","timestamp":"2017-05-02T08:35:44.125Z"}
{"level":"info","message":"Load Data Model :: /app/models/common/type_rice.model.json","timestamp":"2017-05-02T08:35:44.125Z"}
{"level":"info","message":"nylon start route ::  /api/index >> /app/routes/index.routes.js","timestamp":"2017-05-02T08:35:44.141Z"}
{"level":"info","message":"nylon start route ::  /api/payment >> /app/routes/payment.routes.js","timestamp":"2017-05-02T08:35:44.141Z"}
{"level":"info","message":"nylon start route ::  /api/shipment >> /app/routes/shipment.routes.js","timestamp":"2017-05-02T08:35:44.141Z"}
{"level":"info","message":"nylon start route ::  /api/test >> /app/routes/test.routes.js","timestamp":"2017-05-02T08:35:44.156Z"}
{"level":"info","message":"nylon start route ::  /api/common/bank >> /app/routes/common/bank.routes.js","timestamp":"2017-05-02T08:35:44.156Z"}
{"level":"info","message":"nylon start route ::  /api/common/buyer >> /app/routes/common/buyer.routes.js","timestamp":"2017-05-02T08:35:44.156Z"}
{"level":"info","message":"nylon start route ::  /api/common/carrier >> /app/routes/common/carrier.routes.js","timestamp":"2017-05-02T08:35:44.172Z"}
{"level":"info","message":"nylon start route ::  /api/common/country >> /app/routes/common/country.routes.js","timestamp":"2017-05-02T08:35:44.172Z"}
{"level":"info","message":"nylon start route ::  /api/common/continent >> /app/routes/common/continent.routes.js","timestamp":"2017-05-02T08:35:44.172Z"}
{"level":"info","message":"nylon start route ::  /api/common/incoterms >> /app/routes/common/incoterms.routes.js","timestamp":"2017-05-02T08:35:44.172Z"}
{"level":"info","message":"nylon start route ::  /api/common/notify_party >> /app/routes/common/notify_party.routes.js","timestamp":"2017-05-02T08:35:44.188Z"}
{"level":"info","message":"nylon start route ::  /api/common/package >> /app/routes/common/package.routes.js","timestamp":"2017-05-02T08:35:44.188Z"}
{"level":"info","message":"nylon start route ::  /api/common/port >> /app/routes/common/port.routes.js","timestamp":"2017-05-02T08:35:44.188Z"}
{"level":"info","message":"nylon start route ::  /api/common/province >> /app/routes/common/province.routes.js","timestamp":"2017-05-02T08:35:44.188Z"}
{"level":"info","message":"nylon start route ::  /api/common/ship >> /app/routes/common/ship.routes.js","timestamp":"2017-05-02T08:35:44.203Z"}
{"level":"info","message":"nylon start route ::  /api/common/surveyor >> /app/routes/common/surveyor.routes.js","timestamp":"2017-05-02T08:35:44.203Z"}
{"level":"info","message":"nylon start route ::  /api/common/shipline >> /app/routes/common/shipline.routes.js","timestamp":"2017-05-02T08:35:44.203Z"}
{"level":"info","message":"nylon start route ::  /api/common/type_rice >> /app/routes/common/type_rice.routes.js","timestamp":"2017-05-02T08:35:44.219Z"}
{"level":"info","message":"nylon start route ::  /api/g2g/book >> /app/routes/g2g/book.routes.js","timestamp":"2017-05-02T08:35:44.219Z"}
{"level":"info","message":"nylon start route ::  /api/g2g/confirm >> /app/routes/g2g/confirm.routes.js","timestamp":"2017-05-02T08:35:44.219Z"}
{"level":"info","message":"nylon start route ::  /api/g2g/contract >> /app/routes/g2g/contract.routes.js","timestamp":"2017-05-02T08:35:44.219Z"}
{"level":"info","message":"nylon start route ::  /api/g2g/fee >> /app/routes/g2g/fee.routes.js","timestamp":"2017-05-02T08:35:44.234Z"}
{"level":"info","message":"nylon start route ::  /api/g2g/fee_detail >> /app/routes/g2g/fee_detail.routes.js","timestamp":"2017-05-02T08:35:44.234Z"}
{"level":"info","message":"nylon start route ::  /api/g2g/payment >> /app/routes/g2g/payment.routes.js","timestamp":"2017-05-02T08:35:44.234Z"}
{"level":"info","message":"nylon start route ::  /api/g2g/invoice >> /app/routes/g2g/invoice.routes.js","timestamp":"2017-05-02T08:35:44.250Z"}
{"level":"info","message":"nylon start route ::  /api/g2g/shipment_detail >> /app/routes/g2g/shipment_detail.routes.js","timestamp":"2017-05-02T08:35:44.250Z"}
{"level":"info","message":"nylon start route ::  /api/g2g/payment_detail >> /app/routes/g2g/payment_detail.routes.js","timestamp":"2017-05-02T08:35:44.250Z"}
{"level":"info","message":"nylon start route ::  /api/g2g/shipment >> /app/routes/g2g/shipment.routes.js","timestamp":"2017-05-02T08:35:44.266Z"}
{"level":"info","message":"Load Data Mode is ok","timestamp":"2017-05-02T08:35:44.297Z"}
{"level":"info","message":"nylon Server run at env : development","timestamp":"2017-05-02T09:48:33.368Z"}
{"level":"info","message":"Nylon server listening on port 3001 pid 6808","timestamp":"2017-05-02T09:48:33.415Z"}
{"level":"info","message":"Load Module :: M01-express-rethinkdb.js","timestamp":"2017-05-02T09:48:33.415Z"}
{"level":"info","message":"Load Module :: M02-express-passport.js","timestamp":"2017-05-02T09:48:33.524Z"}
{"level":"info","message":"Load Module :: M04-express-body-parser.js","timestamp":"2017-05-02T09:48:33.556Z"}
{"level":"info","message":"Load Module :: M03-express-morgan.js","timestamp":"2017-05-02T09:48:33.571Z"}
{"level":"info","message":"Load Module :: M05-express-view-engine.js","timestamp":"2017-05-02T09:48:33.587Z"}
{"level":"info","message":"Load Module :: M06-express-sass.js","timestamp":"2017-05-02T09:48:33.587Z"}
{"level":"info","message":"Load Module :: M07-express-validator.js","timestamp":"2017-05-02T09:48:33.603Z"}
{"level":"info","message":"Load Module :: M08-express-java.js","timestamp":"2017-05-02T09:48:33.634Z"}
{"level":"info","message":"Load Module :: M09-express-java-iReport.js","timestamp":"2017-05-02T09:48:33.696Z"}
{"level":"info","message":"Load Module :: M10-express-java-jdbc.js","timestamp":"2017-05-02T09:48:33.712Z"}
{"level":"info","message":"Load Module :: M11-express-pusher.js","timestamp":"2017-05-02T09:48:33.712Z"}
{"level":"info","message":"Load Module :: M12-express-load-route.js","timestamp":"2017-05-02T09:48:33.712Z"}
{"level":"error","message":"","timestamp":"2017-05-02T09:48:33.712Z"}
{"level":"info","message":"nylon start route ::  /api/index >> /app/routes/index.routes.js","timestamp":"2017-05-02T09:48:33.774Z"}
{"level":"info","message":"nylon start route ::  /api/payment >> /app/routes/payment.routes.js","timestamp":"2017-05-02T09:48:33.821Z"}
{"level":"info","message":"nylon start route ::  /api/shipment >> /app/routes/shipment.routes.js","timestamp":"2017-05-02T09:48:33.853Z"}
{"level":"info","message":"nylon start route ::  /api/test >> /app/routes/test.routes.js","timestamp":"2017-05-02T09:48:33.868Z"}
{"level":"info","message":"nylon start route ::  /api/common/bank >> /app/routes/common/bank.routes.js","timestamp":"2017-05-02T09:48:33.884Z"}
{"level":"info","message":"nylon start route ::  /api/common/buyer >> /app/routes/common/buyer.routes.js","timestamp":"2017-05-02T09:48:33.915Z"}
{"level":"info","message":"nylon start route ::  /api/common/continent >> /app/routes/common/continent.routes.js","timestamp":"2017-05-02T09:48:33.931Z"}
{"level":"info","message":"nylon start route ::  /api/common/country >> /app/routes/common/country.routes.js","timestamp":"2017-05-02T09:48:33.946Z"}
{"level":"info","message":"nylon start route ::  /api/common/carrier >> /app/routes/common/carrier.routes.js","timestamp":"2017-05-02T09:48:33.978Z"}
{"level":"info","message":"nylon start route ::  /api/common/incoterms >> /app/routes/common/incoterms.routes.js","timestamp":"2017-05-02T09:48:33.993Z"}
{"level":"info","message":"nylon start route ::  /api/common/package >> /app/routes/common/package.routes.js","timestamp":"2017-05-02T09:48:34.009Z"}
{"level":"info","message":"nylon start route ::  /api/common/notify_party >> /app/routes/common/notify_party.routes.js","timestamp":"2017-05-02T09:48:34.024Z"}
{"level":"info","message":"nylon start route ::  /api/common/port >> /app/routes/common/port.routes.js","timestamp":"2017-05-02T09:48:34.040Z"}
{"level":"info","message":"nylon start route ::  /api/common/province >> /app/routes/common/province.routes.js","timestamp":"2017-05-02T09:48:34.056Z"}
{"level":"info","message":"nylon start route ::  /api/common/ship >> /app/routes/common/ship.routes.js","timestamp":"2017-05-02T09:48:34.071Z"}
{"level":"info","message":"nylon start route ::  /api/common/shipline >> /app/routes/common/shipline.routes.js","timestamp":"2017-05-02T09:48:34.103Z"}
{"level":"info","message":"nylon start route ::  /api/common/surveyor >> /app/routes/common/surveyor.routes.js","timestamp":"2017-05-02T09:48:34.118Z"}
{"level":"info","message":"nylon start route ::  /api/common/type_rice >> /app/routes/common/type_rice.routes.js","timestamp":"2017-05-02T09:48:34.134Z"}
{"level":"info","message":"nylon start route ::  /api/g2g/book >> /app/routes/g2g/book.routes.js","timestamp":"2017-05-02T09:48:34.162Z"}
{"level":"info","message":"nylon start route ::  /api/g2g/contract >> /app/routes/g2g/contract.routes.js","timestamp":"2017-05-02T09:48:34.180Z"}
{"level":"info","message":"nylon start route ::  /api/g2g/confirm >> /app/routes/g2g/confirm.routes.js","timestamp":"2017-05-02T09:48:34.196Z"}
{"level":"info","message":"nylon start route ::  /api/g2g/fee >> /app/routes/g2g/fee.routes.js","timestamp":"2017-05-02T09:48:34.220Z"}
{"level":"info","message":"nylon start route ::  /api/g2g/fee_detail >> /app/routes/g2g/fee_detail.routes.js","timestamp":"2017-05-02T09:48:34.238Z"}
{"level":"info","message":"nylon start route ::  /api/g2g/invoice >> /app/routes/g2g/invoice.routes.js","timestamp":"2017-05-02T09:48:34.255Z"}
{"level":"info","message":"nylon start route ::  /api/g2g/payment >> /app/routes/g2g/payment.routes.js","timestamp":"2017-05-02T09:48:34.271Z"}
{"level":"info","message":"nylon start route ::  /api/g2g/payment_detail >> /app/routes/g2g/payment_detail.routes.js","timestamp":"2017-05-02T09:48:34.286Z"}
{"level":"info","message":"nylon start route ::  /api/g2g/shipment >> /app/routes/g2g/shipment.routes.js","timestamp":"2017-05-02T09:48:34.302Z"}
{"level":"info","message":"nylon start route ::  /api/g2g/shipment_detail >> /app/routes/g2g/shipment_detail.routes.js","timestamp":"2017-05-02T09:48:34.318Z"}
{"level":"info","message":"Load Data Model :: /app/models/user.model.json","timestamp":"2017-05-02T09:48:34.318Z"}
{"level":"info","message":"Load Data Model :: /app/models/common/bank.model.json","timestamp":"2017-05-02T09:48:34.333Z"}
{"level":"info","message":"Load Data Model :: /app/models/common/carrier.model.json","timestamp":"2017-05-02T09:48:34.333Z"}
{"level":"info","message":"Load Data Model :: /app/models/common/buyer.model.json","timestamp":"2017-05-02T09:48:34.333Z"}
{"level":"info","message":"Load Data Model :: /app/models/common/continent.model.json","timestamp":"2017-05-02T09:48:34.333Z"}
{"level":"info","message":"Load Data Model :: /app/models/common/country.model.json","timestamp":"2017-05-02T09:48:34.349Z"}
{"level":"info","message":"Load Data Model :: /app/models/common/incoterms.model.json","timestamp":"2017-05-02T09:48:34.349Z"}
{"level":"info","message":"Load Data Model :: /app/models/common/notify_party.model.json","timestamp":"2017-05-02T09:48:34.349Z"}
{"level":"info","message":"Load Data Model :: /app/models/common/package.model.json","timestamp":"2017-05-02T09:48:34.365Z"}
{"level":"info","message":"Load Data Model :: /app/models/common/port.model.json","timestamp":"2017-05-02T09:48:34.365Z"}
{"level":"info","message":"Load Data Model :: /app/models/common/ship.model.json","timestamp":"2017-05-02T09:48:34.365Z"}
{"level":"info","message":"Load Data Model :: /app/models/common/surveyor.model.json","timestamp":"2017-05-02T09:48:34.365Z"}
{"level":"info","message":"Load Data Model :: /app/models/common/shipline.model.json","timestamp":"2017-05-02T09:48:34.380Z"}
{"level":"info","message":"Load Data Model :: /app/models/common/type_rice.model.json","timestamp":"2017-05-02T09:48:34.380Z"}
{"level":"info","message":"Load Data Model :: /app/models/g2g/confirm_letter.model.json","timestamp":"2017-05-02T09:48:34.380Z"}
{"level":"info","message":"Load Data Model :: /app/models/g2g/contract.model.json","timestamp":"2017-05-02T09:48:34.380Z"}
{"level":"info","message":"Load Data Model :: /app/models/g2g/book.model.json","timestamp":"2017-05-02T09:48:34.396Z"}
{"level":"info","message":"Load Data Model :: /app/models/g2g/fee.model.json","timestamp":"2017-05-02T09:48:34.396Z"}
{"level":"info","message":"Load Data Model :: /app/models/g2g/fee_detail.model.json","timestamp":"2017-05-02T09:48:34.396Z"}
{"level":"info","message":"Load Data Model :: /app/models/g2g/invoice.model.json","timestamp":"2017-05-02T09:48:34.396Z"}
{"level":"info","message":"Load Data Model :: /app/models/g2g/payment.model.json","timestamp":"2017-05-02T09:48:34.411Z"}
{"level":"info","message":"Load Data Model :: /app/models/g2g/payment_detail.model.json","timestamp":"2017-05-02T09:48:34.411Z"}
{"level":"info","message":"Load Data Model :: /app/models/g2g/shipment.model.json","timestamp":"2017-05-02T09:48:34.411Z"}
{"level":"info","message":"Load Data Model :: /app/models/g2g/shipment_detail.model.json","timestamp":"2017-05-02T09:48:34.411Z"}
{"level":"info","message":"Load Data Mode is ok","timestamp":"2017-05-02T09:48:34.458Z"}
{"level":"info","message":"Load Java Module :: /java/libs/jdbc/mysql-connector-java-5.1.40-bin.jar","timestamp":"2017-05-02T09:48:34.490Z"}
{"level":"info","message":"Load Java Module :: /java/libs/jdbc/ojdbc7.jar","timestamp":"2017-05-02T09:48:34.490Z"}
{"level":"info","message":"Load Java Module :: /java/libs/jdbc/sqljdbc41.jar","timestamp":"2017-05-02T09:48:34.490Z"}
{"level":"info","message":"Load Java Module :: /java/libs/jackson-2.8/com.fasterxml.jackson.annotations.jar","timestamp":"2017-05-02T09:48:34.490Z"}
{"level":"info","message":"Load Java Module :: /java/libs/jackson-2.8/com.fasterxml.jackson.databind.jar","timestamp":"2017-05-02T09:48:34.505Z"}
{"level":"info","message":"Load Java Module :: /java/libs/jackson-2.8/jackson-core-2.8.3.jar","timestamp":"2017-05-02T09:48:34.505Z"}
{"level":"info","message":"Load Java Module :: /java/libs/jasper-report/com.lowagie.text-2.1.7.jar","timestamp":"2017-05-02T09:48:34.505Z"}
{"level":"info","message":"Load Java Module :: /java/libs/jasper-report/groovy-all-2.0.1.jar","timestamp":"2017-05-02T09:48:34.505Z"}
{"level":"info","message":"Load Java Module :: /java/libs/jasper-report/itext-2.1.7.js4.jar","timestamp":"2017-05-02T09:48:34.521Z"}
{"level":"info","message":"Load Java Module :: /java/libs/jasper-report/jasperreports-6.3.1.jar","timestamp":"2017-05-02T09:48:34.521Z"}
{"level":"info","message":"Load Java Module :: /java/libs/jasper-report/jasperreports-fonts-6.3.1.jar","timestamp":"2017-05-02T09:48:34.521Z"}
{"level":"info","message":"Load Java Module :: /java/libs/log4j-1.2/log4j-1.2.16.jar","timestamp":"2017-05-02T09:48:34.521Z"}
{"level":"info","message":"Load Java Module :: /java/libs/poi-3.0.1/poi-3.10.1-20140818.jar","timestamp":"2017-05-02T09:48:34.536Z"}
{"level":"info","message":"Load Java Module :: /java/libs/apache-common/comm-2.0.jar","timestamp":"2017-05-02T09:48:34.536Z"}
{"level":"info","message":"Load Java Module :: /java/libs/apache-common/commons-beanutils-1.8.0.jar","timestamp":"2017-05-02T09:48:34.536Z"}
{"level":"info","message":"Load Java Module :: /java/libs/apache-common/commons-collections-3.2.1.jar","timestamp":"2017-05-02T09:48:34.552Z"}
{"level":"info","message":"Load Java Module :: /java/libs/apache-common/commons-configuration-1.6.jar","timestamp":"2017-05-02T09:48:34.552Z"}
{"level":"info","message":"Load Java Module :: /java/libs/apache-common/commons-javaflow-20060411.jar","timestamp":"2017-05-02T09:48:34.552Z"}
{"level":"info","message":"Load Java Module :: /java/libs/apache-common/commons-digester-2.1.jar","timestamp":"2017-05-02T09:48:34.568Z"}
{"level":"info","message":"Load Java Module :: /java/libs/apache-common/commons-lang-2.5.jar","timestamp":"2017-05-02T09:48:34.568Z"}
{"level":"info","message":"Load Java Module :: /java/libs/apache-common/commons-logging-1.1.1.jar","timestamp":"2017-05-02T09:48:34.568Z"}
{"level":"info","message":"Load Java Module :: /java/nylon-utility/dist/nylon-utility.jar","timestamp":"2017-05-02T09:48:34.583Z"}
{"level":"info","message":"Load Java Module :: /java/nylon-report/dist/nylon-report.jar","timestamp":"2017-05-02T09:48:34.583Z"}
{"level":"info","message":"JDBCConnect :: mysql","timestamp":"2017-05-02T09:48:43.777Z"}
{"level":"info","message":"JDBCConnect :: mssql","timestamp":"2017-05-02T09:48:43.777Z"}
{"level":"info","message":"JDBCConnect :: oracle","timestamp":"2017-05-02T09:48:43.781Z"}
