{"level":"info","message":"nylon Server run at env : development","timestamp":"2017-05-04T02:49:26.980Z"}
{"level":"info","message":"Load Module :: M01-express-rethinkdb.js","timestamp":"2017-05-04T02:49:27.011Z"}
{"level":"info","message":"Load Module :: M02-express-passport.js","timestamp":"2017-05-04T02:49:27.817Z"}
{"level":"info","message":"Load Module :: M04-express-body-parser.js","timestamp":"2017-05-04T02:49:28.137Z"}
{"level":"info","message":"Load Module :: M03-express-morgan.js","timestamp":"2017-05-04T02:49:28.308Z"}
{"level":"info","message":"Load Module :: M05-express-view-engine.js","timestamp":"2017-05-04T02:49:28.392Z"}
{"level":"info","message":"Load Module :: M06-express-sass.js","timestamp":"2017-05-04T02:49:28.396Z"}
{"level":"info","message":"Load Module :: M07-express-validator.js","timestamp":"2017-05-04T02:49:28.487Z"}
{"level":"info","message":"Load Module :: M08-express-java.js","timestamp":"2017-05-04T02:49:28.758Z"}
{"level":"info","message":"Load Module :: M09-express-java-iReport.js","timestamp":"2017-05-04T02:49:28.878Z"}
{"level":"info","message":"Load Module :: M10-express-java-jdbc.js","timestamp":"2017-05-04T02:49:28.880Z"}
{"level":"info","message":"Load Module :: M11-express-pusher.js","timestamp":"2017-05-04T02:49:28.887Z"}
{"level":"info","message":"Load Module :: M12-express-load-route.js","timestamp":"2017-05-04T02:49:28.890Z"}
{"level":"error","message":"","timestamp":"2017-05-04T02:49:28.899Z"}
{"level":"info","message":"Nylon server listening on port 3001 pid 4180","timestamp":"2017-05-04T02:49:28.902Z"}
{"level":"info","message":"Load Data Model :: /app/models/user.model.json","timestamp":"2017-05-04T02:49:29.004Z"}
{"level":"info","message":"Load Data Model :: /app/models/g2g/book.model.json","timestamp":"2017-05-04T02:49:29.004Z"}
{"level":"info","message":"Load Data Model :: /app/models/g2g/contract.model.json","timestamp":"2017-05-04T02:49:29.005Z"}
{"level":"info","message":"Load Data Model :: /app/models/g2g/fee.model.json","timestamp":"2017-05-04T02:49:29.005Z"}
{"level":"info","message":"Load Data Model :: /app/models/g2g/confirm_letter.model.json","timestamp":"2017-05-04T02:49:29.009Z"}
{"level":"info","message":"Load Data Model :: /app/models/g2g/fee_detail.model.json","timestamp":"2017-05-04T02:49:29.010Z"}
{"level":"info","message":"Load Data Model :: /app/models/g2g/invoice.model.json","timestamp":"2017-05-04T02:49:29.010Z"}
{"level":"info","message":"Load Data Model :: /app/models/g2g/payment.model.json","timestamp":"2017-05-04T02:49:29.012Z"}
{"level":"info","message":"Load Data Model :: /app/models/g2g/payment_detail.model.json","timestamp":"2017-05-04T02:49:29.014Z"}
{"level":"info","message":"Load Data Model :: /app/models/g2g/shipment.model.json","timestamp":"2017-05-04T02:49:29.015Z"}
{"level":"info","message":"Load Data Model :: /app/models/g2g/shipment_detail.model.json","timestamp":"2017-05-04T02:49:29.016Z"}
{"level":"info","message":"Load Data Model :: /app/models/common/bank.model.json","timestamp":"2017-05-04T02:49:29.017Z"}
{"level":"info","message":"Load Data Model :: /app/models/common/buyer.model.json","timestamp":"2017-05-04T02:49:29.019Z"}
{"level":"info","message":"Load Data Model :: /app/models/common/carrier.model.json","timestamp":"2017-05-04T02:49:29.020Z"}
{"level":"info","message":"Load Data Model :: /app/models/common/continent.model.json","timestamp":"2017-05-04T02:49:29.021Z"}
{"level":"info","message":"Load Data Model :: /app/models/common/country.model.json","timestamp":"2017-05-04T02:49:29.022Z"}
{"level":"info","message":"Load Data Model :: /app/models/common/incoterms.model.json","timestamp":"2017-05-04T02:49:29.022Z"}
{"level":"info","message":"Load Data Model :: /app/models/common/notify_party.model.json","timestamp":"2017-05-04T02:49:29.024Z"}
{"level":"info","message":"Load Data Model :: /app/models/common/package.model.json","timestamp":"2017-05-04T02:49:29.025Z"}
{"level":"info","message":"Load Data Model :: /app/models/common/port.model.json","timestamp":"2017-05-04T02:49:29.026Z"}
{"level":"info","message":"Load Data Model :: /app/models/common/ship.model.json","timestamp":"2017-05-04T02:49:29.027Z"}
{"level":"info","message":"Load Data Model :: /app/models/common/shipline.model.json","timestamp":"2017-05-04T02:49:29.029Z"}
{"level":"info","message":"Load Data Model :: /app/models/common/surveyor.model.json","timestamp":"2017-05-04T02:49:29.032Z"}
{"level":"info","message":"Load Data Model :: /app/models/common/type_rice.model.json","timestamp":"2017-05-04T02:49:29.032Z"}
{"level":"info","message":"nylon start route ::  /api/index >> /app/routes/index.routes.js","timestamp":"2017-05-04T02:49:29.048Z"}
{"level":"info","message":"nylon start route ::  /api/payment >> /app/routes/payment.routes.js","timestamp":"2017-05-04T02:49:29.068Z"}
{"level":"info","message":"nylon start route ::  /api/test >> /app/routes/test.routes.js","timestamp":"2017-05-04T02:49:29.077Z"}
{"level":"info","message":"nylon start route ::  /api/shipment >> /app/routes/shipment.routes.js","timestamp":"2017-05-04T02:49:29.093Z"}
{"level":"info","message":"nylon start route ::  /api/common/bank >> /app/routes/common/bank.routes.js","timestamp":"2017-05-04T02:49:29.106Z"}
{"level":"info","message":"nylon start route ::  /api/common/buyer >> /app/routes/common/buyer.routes.js","timestamp":"2017-05-04T02:49:29.121Z"}
{"level":"info","message":"nylon start route ::  /api/common/carrier >> /app/routes/common/carrier.routes.js","timestamp":"2017-05-04T02:49:29.134Z"}
{"level":"info","message":"nylon start route ::  /api/common/continent >> /app/routes/common/continent.routes.js","timestamp":"2017-05-04T02:49:29.146Z"}
{"level":"info","message":"nylon start route ::  /api/common/country >> /app/routes/common/country.routes.js","timestamp":"2017-05-04T02:49:29.161Z"}
{"level":"info","message":"nylon start route ::  /api/common/incoterms >> /app/routes/common/incoterms.routes.js","timestamp":"2017-05-04T02:49:29.174Z"}
{"level":"info","message":"nylon start route ::  /api/common/notify_party >> /app/routes/common/notify_party.routes.js","timestamp":"2017-05-04T02:49:29.188Z"}
{"level":"info","message":"nylon start route ::  /api/common/package >> /app/routes/common/package.routes.js","timestamp":"2017-05-04T02:49:29.209Z"}
{"level":"info","message":"nylon start route ::  /api/common/port >> /app/routes/common/port.routes.js","timestamp":"2017-05-04T02:49:29.228Z"}
{"level":"info","message":"nylon start route ::  /api/common/province >> /app/routes/common/province.routes.js","timestamp":"2017-05-04T02:49:29.244Z"}
{"level":"info","message":"nylon start route ::  /api/common/ship >> /app/routes/common/ship.routes.js","timestamp":"2017-05-04T02:49:29.260Z"}
{"level":"info","message":"nylon start route ::  /api/common/shipline >> /app/routes/common/shipline.routes.js","timestamp":"2017-05-04T02:49:29.276Z"}
{"level":"info","message":"nylon start route ::  /api/common/surveyor >> /app/routes/common/surveyor.routes.js","timestamp":"2017-05-04T02:49:29.289Z"}
{"level":"info","message":"nylon start route ::  /api/common/type_rice >> /app/routes/common/type_rice.routes.js","timestamp":"2017-05-04T02:49:29.302Z"}
{"level":"info","message":"nylon start route ::  /api/g2g/book >> /app/routes/g2g/book.routes.js","timestamp":"2017-05-04T02:49:29.316Z"}
{"level":"info","message":"nylon start route ::  /api/g2g/confirm >> /app/routes/g2g/confirm.routes.js","timestamp":"2017-05-04T02:49:29.331Z"}
{"level":"info","message":"nylon start route ::  /api/g2g/contract >> /app/routes/g2g/contract.routes.js","timestamp":"2017-05-04T02:49:29.346Z"}
{"level":"info","message":"nylon start route ::  /api/g2g/fee >> /app/routes/g2g/fee.routes.js","timestamp":"2017-05-04T02:49:29.361Z"}
{"level":"info","message":"nylon start route ::  /api/g2g/fee_detail >> /app/routes/g2g/fee_detail.routes.js","timestamp":"2017-05-04T02:49:29.375Z"}
{"level":"info","message":"nylon start route ::  /api/g2g/invoice >> /app/routes/g2g/invoice.routes.js","timestamp":"2017-05-04T02:49:29.389Z"}
{"level":"info","message":"nylon start route ::  /api/g2g/payment >> /app/routes/g2g/payment.routes.js","timestamp":"2017-05-04T02:49:29.401Z"}
{"level":"info","message":"nylon start route ::  /api/g2g/payment_detail >> /app/routes/g2g/payment_detail.routes.js","timestamp":"2017-05-04T02:49:29.419Z"}
{"level":"info","message":"nylon start route ::  /api/g2g/shipment >> /app/routes/g2g/shipment.routes.js","timestamp":"2017-05-04T02:49:29.435Z"}
{"level":"info","message":"nylon start route ::  /api/g2g/shipment_detail >> /app/routes/g2g/shipment_detail.routes.js","timestamp":"2017-05-04T02:49:29.448Z"}
{"level":"info","message":"Load Data Mode is ok","timestamp":"2017-05-04T02:49:29.495Z"}
{"level":"info","message":"Load Java Module :: /java/libs/jackson-2.8/com.fasterxml.jackson.annotations.jar","timestamp":"2017-05-04T02:49:29.521Z"}
{"level":"info","message":"Load Java Module :: /java/libs/jackson-2.8/jackson-core-2.8.3.jar","timestamp":"2017-05-04T02:49:29.522Z"}
{"level":"info","message":"Load Java Module :: /java/libs/jackson-2.8/com.fasterxml.jackson.databind.jar","timestamp":"2017-05-04T02:49:29.522Z"}
{"level":"info","message":"Load Java Module :: /java/libs/apache-common/comm-2.0.jar","timestamp":"2017-05-04T02:49:29.522Z"}
{"level":"info","message":"Load Java Module :: /java/libs/apache-common/commons-beanutils-1.8.0.jar","timestamp":"2017-05-04T02:49:29.523Z"}
{"level":"info","message":"Load Java Module :: /java/libs/apache-common/commons-collections-3.2.1.jar","timestamp":"2017-05-04T02:49:29.523Z"}
{"level":"info","message":"Load Java Module :: /java/libs/apache-common/commons-configuration-1.6.jar","timestamp":"2017-05-04T02:49:29.523Z"}
{"level":"info","message":"Load Java Module :: /java/libs/apache-common/commons-digester-2.1.jar","timestamp":"2017-05-04T02:49:29.524Z"}
{"level":"info","message":"Load Java Module :: /java/libs/apache-common/commons-javaflow-20060411.jar","timestamp":"2017-05-04T02:49:29.524Z"}
{"level":"info","message":"Load Java Module :: /java/libs/apache-common/commons-lang-2.5.jar","timestamp":"2017-05-04T02:49:29.525Z"}
{"level":"info","message":"Load Java Module :: /java/libs/apache-common/commons-logging-1.1.1.jar","timestamp":"2017-05-04T02:49:29.525Z"}
{"level":"info","message":"Load Java Module :: /java/libs/jasper-report/com.lowagie.text-2.1.7.jar","timestamp":"2017-05-04T02:49:29.526Z"}
{"level":"info","message":"Load Java Module :: /java/libs/jasper-report/groovy-all-2.0.1.jar","timestamp":"2017-05-04T02:49:29.526Z"}
{"level":"info","message":"Load Java Module :: /java/libs/jasper-report/itext-2.1.7.js4.jar","timestamp":"2017-05-04T02:49:29.526Z"}
{"level":"info","message":"Load Java Module :: /java/libs/jasper-report/jasperreports-6.3.1.jar","timestamp":"2017-05-04T02:49:29.527Z"}
{"level":"info","message":"Load Java Module :: /java/libs/jasper-report/jasperreports-fonts-6.3.1.jar","timestamp":"2017-05-04T02:49:29.527Z"}
{"level":"info","message":"Load Java Module :: /java/libs/jdbc/mysql-connector-java-5.1.40-bin.jar","timestamp":"2017-05-04T02:49:29.527Z"}
{"level":"info","message":"Load Java Module :: /java/libs/jdbc/ojdbc7.jar","timestamp":"2017-05-04T02:49:29.527Z"}
{"level":"info","message":"Load Java Module :: /java/libs/jdbc/sqljdbc41.jar","timestamp":"2017-05-04T02:49:29.528Z"}
{"level":"info","message":"Load Java Module :: /java/libs/log4j-1.2/log4j-1.2.16.jar","timestamp":"2017-05-04T02:49:29.528Z"}
{"level":"info","message":"Load Java Module :: /java/libs/poi-3.0.1/poi-3.10.1-20140818.jar","timestamp":"2017-05-04T02:49:29.528Z"}
{"level":"info","message":"Load Java Module :: /java/nylon-report/dist/nylon-report.jar","timestamp":"2017-05-04T02:49:29.529Z"}
{"level":"info","message":"Load Java Module :: /java/nylon-utility/dist/nylon-utility.jar","timestamp":"2017-05-04T02:49:29.529Z"}
{"level":"info","message":"nylon Server run at env : development","timestamp":"2017-05-04T02:53:14.814Z"}
{"level":"info","message":"Nylon server listening on port 3001 pid 6620","timestamp":"2017-05-04T02:53:14.836Z"}
{"level":"info","message":"Load Module :: M01-express-rethinkdb.js","timestamp":"2017-05-04T02:53:14.837Z"}
{"level":"info","message":"Load Module :: M02-express-passport.js","timestamp":"2017-05-04T02:53:14.940Z"}
{"level":"info","message":"Load Module :: M04-express-body-parser.js","timestamp":"2017-05-04T02:53:14.976Z"}
{"level":"info","message":"Load Module :: M03-express-morgan.js","timestamp":"2017-05-04T02:53:14.996Z"}
{"level":"info","message":"Load Module :: M05-express-view-engine.js","timestamp":"2017-05-04T02:53:15.011Z"}
{"level":"info","message":"Load Module :: M06-express-sass.js","timestamp":"2017-05-04T02:53:15.012Z"}
{"level":"info","message":"Load Module :: M07-express-validator.js","timestamp":"2017-05-04T02:53:15.029Z"}
{"level":"info","message":"Load Module :: M08-express-java.js","timestamp":"2017-05-04T02:53:15.069Z"}
{"level":"info","message":"Load Module :: M09-express-java-iReport.js","timestamp":"2017-05-04T02:53:15.119Z"}
{"level":"info","message":"Load Module :: M10-express-java-jdbc.js","timestamp":"2017-05-04T02:53:15.120Z"}
{"level":"info","message":"Load Module :: M11-express-pusher.js","timestamp":"2017-05-04T02:53:15.121Z"}
{"level":"info","message":"Load Module :: M12-express-load-route.js","timestamp":"2017-05-04T02:53:15.122Z"}
{"level":"error","message":"","timestamp":"2017-05-04T02:53:15.123Z"}
{"level":"info","message":"Load Data Model :: /app/models/user.model.json","timestamp":"2017-05-04T02:53:15.136Z"}
{"level":"info","message":"Load Data Model :: /app/models/common/bank.model.json","timestamp":"2017-05-04T02:53:15.137Z"}
{"level":"info","message":"Load Data Model :: /app/models/common/buyer.model.json","timestamp":"2017-05-04T02:53:15.138Z"}
{"level":"info","message":"Load Data Model :: /app/models/common/carrier.model.json","timestamp":"2017-05-04T02:53:15.138Z"}
{"level":"info","message":"Load Data Model :: /app/models/common/continent.model.json","timestamp":"2017-05-04T02:53:15.138Z"}
{"level":"info","message":"Load Data Model :: /app/models/common/country.model.json","timestamp":"2017-05-04T02:53:15.139Z"}
{"level":"info","message":"Load Data Model :: /app/models/common/incoterms.model.json","timestamp":"2017-05-04T02:53:15.139Z"}
{"level":"info","message":"Load Data Model :: /app/models/common/package.model.json","timestamp":"2017-05-04T02:53:15.139Z"}
{"level":"info","message":"Load Data Model :: /app/models/common/notify_party.model.json","timestamp":"2017-05-04T02:53:15.140Z"}
{"level":"info","message":"Load Data Model :: /app/models/common/port.model.json","timestamp":"2017-05-04T02:53:15.140Z"}
{"level":"info","message":"Load Data Model :: /app/models/common/ship.model.json","timestamp":"2017-05-04T02:53:15.140Z"}
{"level":"info","message":"Load Data Model :: /app/models/common/shipline.model.json","timestamp":"2017-05-04T02:53:15.140Z"}
{"level":"info","message":"Load Data Model :: /app/models/common/surveyor.model.json","timestamp":"2017-05-04T02:53:15.140Z"}
{"level":"info","message":"Load Data Model :: /app/models/common/type_rice.model.json","timestamp":"2017-05-04T02:53:15.141Z"}
{"level":"info","message":"Load Data Model :: /app/models/g2g/book.model.json","timestamp":"2017-05-04T02:53:15.141Z"}
{"level":"info","message":"Load Data Model :: /app/models/g2g/confirm_letter.model.json","timestamp":"2017-05-04T02:53:15.141Z"}
{"level":"info","message":"Load Data Model :: /app/models/g2g/fee.model.json","timestamp":"2017-05-04T02:53:15.142Z"}
{"level":"info","message":"Load Data Model :: /app/models/g2g/contract.model.json","timestamp":"2017-05-04T02:53:15.142Z"}
{"level":"info","message":"Load Data Model :: /app/models/g2g/invoice.model.json","timestamp":"2017-05-04T02:53:15.143Z"}
{"level":"info","message":"Load Data Model :: /app/models/g2g/fee_detail.model.json","timestamp":"2017-05-04T02:53:15.143Z"}
{"level":"info","message":"Load Data Model :: /app/models/g2g/payment.model.json","timestamp":"2017-05-04T02:53:15.143Z"}
{"level":"info","message":"Load Data Model :: /app/models/g2g/shipment_detail.model.json","timestamp":"2017-05-04T02:53:15.144Z"}
{"level":"info","message":"Load Data Model :: /app/models/g2g/shipment.model.json","timestamp":"2017-05-04T02:53:15.144Z"}
{"level":"info","message":"Load Data Model :: /app/models/g2g/payment_detail.model.json","timestamp":"2017-05-04T02:53:15.145Z"}
{"level":"info","message":"nylon start route ::  /api/index >> /app/routes/index.routes.js","timestamp":"2017-05-04T02:53:15.147Z"}
{"level":"info","message":"nylon start route ::  /api/payment >> /app/routes/payment.routes.js","timestamp":"2017-05-04T02:53:15.150Z"}
{"level":"info","message":"nylon start route ::  /api/shipment >> /app/routes/shipment.routes.js","timestamp":"2017-05-04T02:53:15.153Z"}
{"level":"info","message":"nylon start route ::  /api/test >> /app/routes/test.routes.js","timestamp":"2017-05-04T02:53:15.154Z"}
{"level":"info","message":"nylon start route ::  /api/common/bank >> /app/routes/common/bank.routes.js","timestamp":"2017-05-04T02:53:15.157Z"}
{"level":"info","message":"nylon start route ::  /api/common/buyer >> /app/routes/common/buyer.routes.js","timestamp":"2017-05-04T02:53:15.160Z"}
{"level":"info","message":"nylon start route ::  /api/common/continent >> /app/routes/common/continent.routes.js","timestamp":"2017-05-04T02:53:15.163Z"}
{"level":"info","message":"nylon start route ::  /api/common/carrier >> /app/routes/common/carrier.routes.js","timestamp":"2017-05-04T02:53:15.165Z"}
{"level":"info","message":"nylon start route ::  /api/common/country >> /app/routes/common/country.routes.js","timestamp":"2017-05-04T02:53:15.169Z"}
{"level":"info","message":"nylon start route ::  /api/common/incoterms >> /app/routes/common/incoterms.routes.js","timestamp":"2017-05-04T02:53:15.173Z"}
{"level":"info","message":"nylon start route ::  /api/common/notify_party >> /app/routes/common/notify_party.routes.js","timestamp":"2017-05-04T02:53:15.175Z"}
{"level":"info","message":"nylon start route ::  /api/common/package >> /app/routes/common/package.routes.js","timestamp":"2017-05-04T02:53:15.176Z"}
{"level":"info","message":"nylon start route ::  /api/common/port >> /app/routes/common/port.routes.js","timestamp":"2017-05-04T02:53:15.178Z"}
{"level":"info","message":"nylon start route ::  /api/common/province >> /app/routes/common/province.routes.js","timestamp":"2017-05-04T02:53:15.180Z"}
{"level":"info","message":"nylon start route ::  /api/common/shipline >> /app/routes/common/shipline.routes.js","timestamp":"2017-05-04T02:53:15.182Z"}
{"level":"info","message":"nylon start route ::  /api/common/surveyor >> /app/routes/common/surveyor.routes.js","timestamp":"2017-05-04T02:53:15.183Z"}
{"level":"info","message":"nylon start route ::  /api/common/ship >> /app/routes/common/ship.routes.js","timestamp":"2017-05-04T02:53:15.185Z"}
{"level":"info","message":"nylon start route ::  /api/common/type_rice >> /app/routes/common/type_rice.routes.js","timestamp":"2017-05-04T02:53:15.187Z"}
{"level":"info","message":"nylon start route ::  /api/g2g/book >> /app/routes/g2g/book.routes.js","timestamp":"2017-05-04T02:53:15.189Z"}
{"level":"info","message":"nylon start route ::  /api/g2g/confirm >> /app/routes/g2g/confirm.routes.js","timestamp":"2017-05-04T02:53:15.192Z"}
{"level":"info","message":"nylon start route ::  /api/g2g/contract >> /app/routes/g2g/contract.routes.js","timestamp":"2017-05-04T02:53:15.196Z"}
{"level":"info","message":"nylon start route ::  /api/g2g/fee >> /app/routes/g2g/fee.routes.js","timestamp":"2017-05-04T02:53:15.199Z"}
{"level":"info","message":"nylon start route ::  /api/g2g/fee_detail >> /app/routes/g2g/fee_detail.routes.js","timestamp":"2017-05-04T02:53:15.203Z"}
{"level":"info","message":"nylon start route ::  /api/g2g/payment >> /app/routes/g2g/payment.routes.js","timestamp":"2017-05-04T02:53:15.206Z"}
{"level":"info","message":"nylon start route ::  /api/g2g/invoice >> /app/routes/g2g/invoice.routes.js","timestamp":"2017-05-04T02:53:15.208Z"}
{"level":"info","message":"nylon start route ::  /api/g2g/payment_detail >> /app/routes/g2g/payment_detail.routes.js","timestamp":"2017-05-04T02:53:15.211Z"}
{"level":"info","message":"nylon start route ::  /api/g2g/shipment >> /app/routes/g2g/shipment.routes.js","timestamp":"2017-05-04T02:53:15.213Z"}
{"level":"info","message":"nylon start route ::  /api/g2g/shipment_detail >> /app/routes/g2g/shipment_detail.routes.js","timestamp":"2017-05-04T02:53:15.215Z"}
{"level":"info","message":"Load Data Mode is ok","timestamp":"2017-05-04T02:53:15.263Z"}
{"level":"info","message":"Load Java Module :: /java/libs/jackson-2.8/com.fasterxml.jackson.annotations.jar","timestamp":"2017-05-04T02:53:15.288Z"}
{"level":"info","message":"Load Java Module :: /java/libs/jackson-2.8/com.fasterxml.jackson.databind.jar","timestamp":"2017-05-04T02:53:15.289Z"}
{"level":"info","message":"Load Java Module :: /java/libs/jackson-2.8/jackson-core-2.8.3.jar","timestamp":"2017-05-04T02:53:15.291Z"}
{"level":"info","message":"Load Java Module :: /java/libs/apache-common/commons-beanutils-1.8.0.jar","timestamp":"2017-05-04T02:53:15.291Z"}
{"level":"info","message":"Load Java Module :: /java/libs/apache-common/comm-2.0.jar","timestamp":"2017-05-04T02:53:15.292Z"}
{"level":"info","message":"Load Java Module :: /java/libs/apache-common/commons-collections-3.2.1.jar","timestamp":"2017-05-04T02:53:15.293Z"}
{"level":"info","message":"Load Java Module :: /java/libs/apache-common/commons-configuration-1.6.jar","timestamp":"2017-05-04T02:53:15.294Z"}
{"level":"info","message":"Load Java Module :: /java/libs/apache-common/commons-digester-2.1.jar","timestamp":"2017-05-04T02:53:15.294Z"}
{"level":"info","message":"Load Java Module :: /java/libs/apache-common/commons-javaflow-20060411.jar","timestamp":"2017-05-04T02:53:15.294Z"}
{"level":"info","message":"Load Java Module :: /java/libs/apache-common/commons-lang-2.5.jar","timestamp":"2017-05-04T02:53:15.295Z"}
{"level":"info","message":"Load Java Module :: /java/libs/apache-common/commons-logging-1.1.1.jar","timestamp":"2017-05-04T02:53:15.295Z"}
{"level":"info","message":"Load Java Module :: /java/libs/jasper-report/com.lowagie.text-2.1.7.jar","timestamp":"2017-05-04T02:53:15.295Z"}
{"level":"info","message":"Load Java Module :: /java/libs/jasper-report/groovy-all-2.0.1.jar","timestamp":"2017-05-04T02:53:15.295Z"}
{"level":"info","message":"Load Java Module :: /java/libs/jasper-report/itext-2.1.7.js4.jar","timestamp":"2017-05-04T02:53:15.296Z"}
{"level":"info","message":"Load Java Module :: /java/libs/jasper-report/jasperreports-6.3.1.jar","timestamp":"2017-05-04T02:53:15.296Z"}
{"level":"info","message":"Load Java Module :: /java/libs/jasper-report/jasperreports-fonts-6.3.1.jar","timestamp":"2017-05-04T02:53:15.296Z"}
{"level":"info","message":"Load Java Module :: /java/libs/log4j-1.2/log4j-1.2.16.jar","timestamp":"2017-05-04T02:53:15.297Z"}
{"level":"info","message":"Load Java Module :: /java/libs/jdbc/mysql-connector-java-5.1.40-bin.jar","timestamp":"2017-05-04T02:53:15.297Z"}
{"level":"info","message":"Load Java Module :: /java/libs/jdbc/ojdbc7.jar","timestamp":"2017-05-04T02:53:15.297Z"}
{"level":"info","message":"Load Java Module :: /java/libs/jdbc/sqljdbc41.jar","timestamp":"2017-05-04T02:53:15.298Z"}
{"level":"info","message":"Load Java Module :: /java/libs/poi-3.0.1/poi-3.10.1-20140818.jar","timestamp":"2017-05-04T02:53:15.298Z"}
{"level":"info","message":"Load Java Module :: /java/nylon-report/dist/nylon-report.jar","timestamp":"2017-05-04T02:53:15.299Z"}
{"level":"info","message":"Load Java Module :: /java/nylon-utility/dist/nylon-utility.jar","timestamp":"2017-05-04T02:53:15.299Z"}
{"level":"info","message":"JDBCConnect :: mysql","timestamp":"2017-05-04T02:53:23.354Z"}
{"level":"info","message":"JDBCConnect :: mssql","timestamp":"2017-05-04T02:53:23.355Z"}
{"level":"info","message":"JDBCConnect :: oracle","timestamp":"2017-05-04T02:53:23.355Z"}
{"level":"info","message":"external is changed  try to restart server ..","timestamp":"2017-05-04T02:59:45.140Z"}
{"level":"info","message":"routes is changed  try to restart server ..","timestamp":"2017-05-04T02:59:45.148Z"}
{"level":"info","message":"external is changed  try to restart server ..","timestamp":"2017-05-04T02:59:45.159Z"}
{"level":"info","message":"external is changed  try to restart server ..","timestamp":"2017-05-04T02:59:45.175Z"}
{"level":"info","message":"worker 6620 died","timestamp":"2017-05-04T02:59:45.200Z"}
{"level":"info","message":"nylon Server run at env : development","timestamp":"2017-05-04T02:59:45.554Z"}
{"level":"info","message":"Nylon server listening on port 3001 pid 10204","timestamp":"2017-05-04T02:59:45.578Z"}
{"level":"info","message":"Load Module :: M01-express-rethinkdb.js","timestamp":"2017-05-04T02:59:45.579Z"}
{"level":"info","message":"Load Module :: M02-express-passport.js","timestamp":"2017-05-04T02:59:45.715Z"}
{"level":"info","message":"Load Module :: M04-express-body-parser.js","timestamp":"2017-05-04T02:59:45.749Z"}
{"level":"info","message":"Load Module :: M03-express-morgan.js","timestamp":"2017-05-04T02:59:45.768Z"}
{"level":"info","message":"Load Module :: M05-express-view-engine.js","timestamp":"2017-05-04T02:59:45.782Z"}
{"level":"info","message":"Load Module :: M06-express-sass.js","timestamp":"2017-05-04T02:59:45.783Z"}
{"level":"info","message":"Load Module :: M07-express-validator.js","timestamp":"2017-05-04T02:59:45.797Z"}
{"level":"info","message":"Load Module :: M08-express-java.js","timestamp":"2017-05-04T02:59:45.831Z"}
{"level":"info","message":"Load Module :: M09-express-java-iReport.js","timestamp":"2017-05-04T02:59:45.878Z"}
{"level":"info","message":"Load Module :: M10-express-java-jdbc.js","timestamp":"2017-05-04T02:59:45.879Z"}
{"level":"info","message":"Load Module :: M11-express-pusher.js","timestamp":"2017-05-04T02:59:45.880Z"}
{"level":"info","message":"Load Module :: M12-express-load-route.js","timestamp":"2017-05-04T02:59:45.881Z"}
{"level":"error","message":"","timestamp":"2017-05-04T02:59:45.883Z"}
{"level":"info","message":"Load Data Model :: /app/models/user.model.json","timestamp":"2017-05-04T02:59:45.894Z"}
{"level":"info","message":"Load Data Model :: /app/models/common/bank.model.json","timestamp":"2017-05-04T02:59:45.895Z"}
{"level":"info","message":"Load Data Model :: /app/models/common/carrier.model.json","timestamp":"2017-05-04T02:59:45.895Z"}
{"level":"info","message":"Load Data Model :: /app/models/common/continent.model.json","timestamp":"2017-05-04T02:59:45.895Z"}
{"level":"info","message":"Load Data Model :: /app/models/common/buyer.model.json","timestamp":"2017-05-04T02:59:45.896Z"}
{"level":"info","message":"Load Data Model :: /app/models/common/country.model.json","timestamp":"2017-05-04T02:59:45.896Z"}
{"level":"info","message":"Load Data Model :: /app/models/common/notify_party.model.json","timestamp":"2017-05-04T02:59:45.896Z"}
{"level":"info","message":"Load Data Model :: /app/models/common/incoterms.model.json","timestamp":"2017-05-04T02:59:45.897Z"}
{"level":"info","message":"Load Data Model :: /app/models/common/package.model.json","timestamp":"2017-05-04T02:59:45.897Z"}
{"level":"info","message":"Load Data Model :: /app/models/common/port.model.json","timestamp":"2017-05-04T02:59:45.897Z"}
{"level":"info","message":"Load Data Model :: /app/models/common/ship.model.json","timestamp":"2017-05-04T02:59:45.898Z"}
{"level":"info","message":"Load Data Model :: /app/models/common/shipline.model.json","timestamp":"2017-05-04T02:59:45.898Z"}
{"level":"info","message":"Load Data Model :: /app/models/common/surveyor.model.json","timestamp":"2017-05-04T02:59:45.898Z"}
{"level":"info","message":"Load Data Model :: /app/models/common/type_rice.model.json","timestamp":"2017-05-04T02:59:45.899Z"}
{"level":"info","message":"Load Data Model :: /app/models/g2g/book.model.json","timestamp":"2017-05-04T02:59:45.899Z"}
{"level":"info","message":"Load Data Model :: /app/models/g2g/confirm_letter.model.json","timestamp":"2017-05-04T02:59:45.900Z"}
{"level":"info","message":"Load Data Model :: /app/models/g2g/contract.model.json","timestamp":"2017-05-04T02:59:45.900Z"}
{"level":"info","message":"Load Data Model :: /app/models/g2g/fee.model.json","timestamp":"2017-05-04T02:59:45.901Z"}
{"level":"info","message":"Load Data Model :: /app/models/g2g/fee_detail.model.json","timestamp":"2017-05-04T02:59:45.901Z"}
{"level":"info","message":"Load Data Model :: /app/models/g2g/invoice.model.json","timestamp":"2017-05-04T02:59:45.902Z"}
{"level":"info","message":"Load Data Model :: /app/models/g2g/payment.model.json","timestamp":"2017-05-04T02:59:45.902Z"}
{"level":"info","message":"Load Data Model :: /app/models/g2g/shipment.model.json","timestamp":"2017-05-04T02:59:45.902Z"}
{"level":"info","message":"Load Data Model :: /app/models/g2g/shipment_detail.model.json","timestamp":"2017-05-04T02:59:45.903Z"}
{"level":"info","message":"Load Data Model :: /app/models/g2g/payment_detail.model.json","timestamp":"2017-05-04T02:59:45.903Z"}
{"level":"info","message":"nylon start route ::  /api/index >> /app/routes/index.routes.js","timestamp":"2017-05-04T02:59:45.906Z"}
{"level":"info","message":"nylon start route ::  /api/payment >> /app/routes/payment.routes.js","timestamp":"2017-05-04T02:59:45.909Z"}
{"level":"info","message":"nylon start route ::  /api/shipment >> /app/routes/shipment.routes.js","timestamp":"2017-05-04T02:59:45.914Z"}
{"level":"info","message":"nylon start route ::  /api/test >> /app/routes/test.routes.js","timestamp":"2017-05-04T02:59:45.915Z"}
{"level":"info","message":"nylon start route ::  /api/common/bank >> /app/routes/common/bank.routes.js","timestamp":"2017-05-04T02:59:45.917Z"}
{"level":"info","message":"nylon start route ::  /api/common/buyer >> /app/routes/common/buyer.routes.js","timestamp":"2017-05-04T02:59:45.920Z"}
{"level":"info","message":"nylon start route ::  /api/common/carrier >> /app/routes/common/carrier.routes.js","timestamp":"2017-05-04T02:59:45.922Z"}
{"level":"info","message":"nylon start route ::  /api/common/continent >> /app/routes/common/continent.routes.js","timestamp":"2017-05-04T02:59:45.924Z"}
{"level":"info","message":"nylon start route ::  /api/common/country >> /app/routes/common/country.routes.js","timestamp":"2017-05-04T02:59:45.927Z"}
{"level":"info","message":"nylon start route ::  /api/common/incoterms >> /app/routes/common/incoterms.routes.js","timestamp":"2017-05-04T02:59:45.930Z"}
{"level":"info","message":"nylon start route ::  /api/common/notify_party >> /app/routes/common/notify_party.routes.js","timestamp":"2017-05-04T02:59:45.932Z"}
{"level":"info","message":"nylon start route ::  /api/common/package >> /app/routes/common/package.routes.js","timestamp":"2017-05-04T02:59:45.933Z"}
{"level":"info","message":"nylon start route ::  /api/common/port >> /app/routes/common/port.routes.js","timestamp":"2017-05-04T02:59:45.935Z"}
{"level":"info","message":"nylon start route ::  /api/common/province >> /app/routes/common/province.routes.js","timestamp":"2017-05-04T02:59:45.937Z"}
{"level":"info","message":"nylon start route ::  /api/common/ship >> /app/routes/common/ship.routes.js","timestamp":"2017-05-04T02:59:45.939Z"}
{"level":"info","message":"nylon start route ::  /api/common/shipline >> /app/routes/common/shipline.routes.js","timestamp":"2017-05-04T02:59:45.940Z"}
{"level":"info","message":"nylon start route ::  /api/common/surveyor >> /app/routes/common/surveyor.routes.js","timestamp":"2017-05-04T02:59:45.943Z"}
{"level":"info","message":"nylon start route ::  /api/common/type_rice >> /app/routes/common/type_rice.routes.js","timestamp":"2017-05-04T02:59:45.945Z"}
{"level":"info","message":"nylon start route ::  /api/g2g/book >> /app/routes/g2g/book.routes.js","timestamp":"2017-05-04T02:59:45.947Z"}
{"level":"info","message":"nylon start route ::  /api/g2g/confirm >> /app/routes/g2g/confirm.routes.js","timestamp":"2017-05-04T02:59:45.949Z"}
{"level":"info","message":"nylon start route ::  /api/g2g/fee >> /app/routes/g2g/fee.routes.js","timestamp":"2017-05-04T02:59:45.952Z"}
{"level":"info","message":"nylon start route ::  /api/g2g/contract >> /app/routes/g2g/contract.routes.js","timestamp":"2017-05-04T02:59:45.955Z"}
{"level":"info","message":"nylon start route ::  /api/g2g/fee_detail >> /app/routes/g2g/fee_detail.routes.js","timestamp":"2017-05-04T02:59:45.957Z"}
{"level":"info","message":"nylon start route ::  /api/g2g/invoice >> /app/routes/g2g/invoice.routes.js","timestamp":"2017-05-04T02:59:45.960Z"}
{"level":"info","message":"nylon start route ::  /api/g2g/payment >> /app/routes/g2g/payment.routes.js","timestamp":"2017-05-04T02:59:45.962Z"}
{"level":"info","message":"nylon start route ::  /api/g2g/payment_detail >> /app/routes/g2g/payment_detail.routes.js","timestamp":"2017-05-04T02:59:45.965Z"}
{"level":"info","message":"nylon start route ::  /api/g2g/shipment >> /app/routes/g2g/shipment.routes.js","timestamp":"2017-05-04T02:59:45.967Z"}
{"level":"info","message":"nylon start route ::  /api/g2g/shipment_detail >> /app/routes/g2g/shipment_detail.routes.js","timestamp":"2017-05-04T02:59:45.969Z"}
{"level":"info","message":"Load Data Mode is ok","timestamp":"2017-05-04T02:59:46.062Z"}
{"level":"info","message":"Load Java Module :: /java/libs/jasper-report/com.lowagie.text-2.1.7.jar","timestamp":"2017-05-04T02:59:46.078Z"}
{"level":"info","message":"Load Java Module :: /java/libs/jasper-report/itext-2.1.7.js4.jar","timestamp":"2017-05-04T02:59:46.078Z"}
{"level":"info","message":"Load Java Module :: /java/libs/jasper-report/groovy-all-2.0.1.jar","timestamp":"2017-05-04T02:59:46.078Z"}
{"level":"info","message":"Load Java Module :: /java/libs/jasper-report/jasperreports-6.3.1.jar","timestamp":"2017-05-04T02:59:46.079Z"}
{"level":"info","message":"Load Java Module :: /java/libs/jasper-report/jasperreports-fonts-6.3.1.jar","timestamp":"2017-05-04T02:59:46.079Z"}
{"level":"info","message":"Load Java Module :: /java/libs/jackson-2.8/com.fasterxml.jackson.annotations.jar","timestamp":"2017-05-04T02:59:46.079Z"}
{"level":"info","message":"Load Java Module :: /java/libs/jackson-2.8/com.fasterxml.jackson.databind.jar","timestamp":"2017-05-04T02:59:46.080Z"}
{"level":"info","message":"Load Java Module :: /java/libs/jackson-2.8/jackson-core-2.8.3.jar","timestamp":"2017-05-04T02:59:46.080Z"}
{"level":"info","message":"Load Java Module :: /java/libs/apache-common/commons-beanutils-1.8.0.jar","timestamp":"2017-05-04T02:59:46.080Z"}
{"level":"info","message":"Load Java Module :: /java/libs/apache-common/commons-collections-3.2.1.jar","timestamp":"2017-05-04T02:59:46.081Z"}
{"level":"info","message":"Load Java Module :: /java/libs/apache-common/comm-2.0.jar","timestamp":"2017-05-04T02:59:46.081Z"}
{"level":"info","message":"Load Java Module :: /java/libs/apache-common/commons-configuration-1.6.jar","timestamp":"2017-05-04T02:59:46.081Z"}
{"level":"info","message":"Load Java Module :: /java/libs/apache-common/commons-digester-2.1.jar","timestamp":"2017-05-04T02:59:46.082Z"}
{"level":"info","message":"Load Java Module :: /java/libs/apache-common/commons-javaflow-20060411.jar","timestamp":"2017-05-04T02:59:46.082Z"}
{"level":"info","message":"Load Java Module :: /java/libs/apache-common/commons-lang-2.5.jar","timestamp":"2017-05-04T02:59:46.082Z"}
{"level":"info","message":"Load Java Module :: /java/libs/apache-common/commons-logging-1.1.1.jar","timestamp":"2017-05-04T02:59:46.082Z"}
{"level":"info","message":"Load Java Module :: /java/libs/jdbc/mysql-connector-java-5.1.40-bin.jar","timestamp":"2017-05-04T02:59:46.083Z"}
{"level":"info","message":"Load Java Module :: /java/libs/jdbc/ojdbc7.jar","timestamp":"2017-05-04T02:59:46.083Z"}
{"level":"info","message":"Load Java Module :: /java/libs/jdbc/sqljdbc41.jar","timestamp":"2017-05-04T02:59:46.083Z"}
{"level":"info","message":"Load Java Module :: /java/libs/log4j-1.2/log4j-1.2.16.jar","timestamp":"2017-05-04T02:59:46.084Z"}
{"level":"info","message":"Load Java Module :: /java/libs/poi-3.0.1/poi-3.10.1-20140818.jar","timestamp":"2017-05-04T02:59:46.084Z"}
{"level":"info","message":"Load Java Module :: /java/nylon-report/dist/nylon-report.jar","timestamp":"2017-05-04T02:59:46.084Z"}
{"level":"info","message":"Load Java Module :: /java/nylon-utility/dist/nylon-utility.jar","timestamp":"2017-05-04T02:59:46.085Z"}
{"level":"info","message":"external is changed  try to restart server ..","timestamp":"2017-05-04T02:59:54.475Z"}
{"level":"info","message":"controllers is changed  try to restart server ..","timestamp":"2017-05-04T02:59:54.479Z"}
{"level":"info","message":"external is changed  try to restart server ..","timestamp":"2017-05-04T02:59:54.483Z"}
{"level":"info","message":"external is changed  try to restart server ..","timestamp":"2017-05-04T02:59:54.485Z"}
{"level":"info","message":"document_file.controller.js is changed  try to restart server ..","timestamp":"2017-05-04T02:59:54.487Z"}
{"level":"info","message":"external is changed  try to restart server ..","timestamp":"2017-05-04T02:59:54.490Z"}
{"level":"info","message":"document_file.controller.js is changed  try to restart server ..","timestamp":"2017-05-04T02:59:54.494Z"}
{"level":"info","message":"document_type.controller.js is changed  try to restart server ..","timestamp":"2017-05-04T02:59:54.496Z"}
{"level":"info","message":"document_type.controller.js is changed  try to restart server ..","timestamp":"2017-05-04T02:59:54.497Z"}
{"level":"info","message":"document_type.controller.js is changed  try to restart server ..","timestamp":"2017-05-04T02:59:54.498Z"}
{"level":"info","message":"worker 10204 died","timestamp":"2017-05-04T02:59:54.505Z"}
{"level":"info","message":"exporter.controller.js is changed  try to restart server ..","timestamp":"2017-05-04T02:59:54.507Z"}
{"level":"info","message":"exporter.controller.js is changed  try to restart server ..","timestamp":"2017-05-04T02:59:54.509Z"}
{"level":"info","message":"exporter.controller.js is changed  try to restart server ..","timestamp":"2017-05-04T02:59:54.511Z"}
{"level":"info","message":"index.controller.js is changed  try to restart server ..","timestamp":"2017-05-04T02:59:54.513Z"}
{"level":"info","message":"index.controller.js is changed  try to restart server ..","timestamp":"2017-05-04T02:59:54.514Z"}
{"level":"info","message":"index.controller.js is changed  try to restart server ..","timestamp":"2017-05-04T02:59:54.515Z"}
{"level":"info","message":"report_exporter.controller.js is changed  try to restart server ..","timestamp":"2017-05-04T02:59:54.516Z"}
{"level":"info","message":"report_exporter.controller.js is changed  try to restart server ..","timestamp":"2017-05-04T02:59:54.517Z"}
{"level":"info","message":"report_exporter.controller.js is changed  try to restart server ..","timestamp":"2017-05-04T02:59:54.519Z"}
{"level":"info","message":"seller.controller.js is changed  try to restart server ..","timestamp":"2017-05-04T02:59:54.520Z"}
{"level":"info","message":"seller.controller.js is changed  try to restart server ..","timestamp":"2017-05-04T02:59:54.521Z"}
{"level":"info","message":"seller.controller.js is changed  try to restart server ..","timestamp":"2017-05-04T02:59:54.522Z"}
{"level":"info","message":"trader.controller.js is changed  try to restart server ..","timestamp":"2017-05-04T02:59:54.524Z"}
{"level":"info","message":"trader.controller.js is changed  try to restart server ..","timestamp":"2017-05-04T02:59:54.525Z"}
{"level":"info","message":"trader.controller.js is changed  try to restart server ..","timestamp":"2017-05-04T02:59:54.527Z"}
{"level":"info","message":"worker 6588 died","timestamp":"2017-05-04T02:59:54.534Z"}
{"level":"info","message":"external is changed  try to restart server ..","timestamp":"2017-05-04T02:59:54.535Z"}
{"level":"info","message":"type_license.controller.js is changed  try to restart server ..","timestamp":"2017-05-04T02:59:54.537Z"}
{"level":"info","message":"type_license.controller.js is changed  try to restart server ..","timestamp":"2017-05-04T02:59:54.539Z"}
{"level":"info","message":"type_license.controller.js is changed  try to restart server ..","timestamp":"2017-05-04T02:59:54.540Z"}
{"level":"info","message":"upload.controller.js is changed  try to restart server ..","timestamp":"2017-05-04T02:59:54.540Z"}
{"level":"info","message":"upload.controller.js is changed  try to restart server ..","timestamp":"2017-05-04T02:59:54.542Z"}
{"level":"info","message":"upload.controller.js is changed  try to restart server ..","timestamp":"2017-05-04T02:59:54.545Z"}
{"level":"info","message":"worker 5872 died","timestamp":"2017-05-04T02:59:54.563Z"}
{"level":"info","message":"nylon Server run at env : development","timestamp":"2017-05-04T02:59:54.923Z"}
{"level":"info","message":"Nylon server listening on port 3001 pid 9976","timestamp":"2017-05-04T02:59:54.950Z"}
{"level":"info","message":"Load Module :: M04-express-body-parser.js","timestamp":"2017-05-04T02:59:54.951Z"}
{"level":"info","message":"Load Module :: M01-express-rethinkdb.js","timestamp":"2017-05-04T02:59:54.984Z"}
{"level":"info","message":"Load Module :: M02-express-passport.js","timestamp":"2017-05-04T02:59:55.105Z"}
{"level":"info","message":"Load Module :: M05-express-view-engine.js","timestamp":"2017-05-04T02:59:55.138Z"}
{"level":"info","message":"Load Module :: M07-express-validator.js","timestamp":"2017-05-04T02:59:55.139Z"}
{"level":"info","message":"Load Module :: M06-express-sass.js","timestamp":"2017-05-04T02:59:55.170Z"}
{"level":"info","message":"Load Module :: M08-express-java.js","timestamp":"2017-05-04T02:59:55.185Z"}
{"level":"info","message":"Load Module :: M09-express-java-iReport.js","timestamp":"2017-05-04T02:59:55.229Z"}
{"level":"info","message":"Load Module :: M10-express-java-jdbc.js","timestamp":"2017-05-04T02:59:55.230Z"}
{"level":"info","message":"Load Module :: M11-express-pusher.js","timestamp":"2017-05-04T02:59:55.231Z"}
{"level":"info","message":"Load Module :: M12-express-load-route.js","timestamp":"2017-05-04T02:59:55.232Z"}
{"level":"info","message":"Load Module :: M03-express-morgan.js","timestamp":"2017-05-04T02:59:55.233Z"}
{"level":"error","message":"","timestamp":"2017-05-04T02:59:55.245Z"}
{"level":"info","message":"Load Data Model :: /app/models/user.model.json","timestamp":"2017-05-04T02:59:55.256Z"}
{"level":"info","message":"Load Data Model :: /app/models/common/bank.model.json","timestamp":"2017-05-04T02:59:55.258Z"}
{"level":"info","message":"Load Data Model :: /app/models/common/buyer.model.json","timestamp":"2017-05-04T02:59:55.259Z"}
{"level":"info","message":"Load Data Model :: /app/models/common/carrier.model.json","timestamp":"2017-05-04T02:59:55.259Z"}
{"level":"info","message":"Load Data Model :: /app/models/common/country.model.json","timestamp":"2017-05-04T02:59:55.259Z"}
{"level":"info","message":"Load Data Model :: /app/models/common/incoterms.model.json","timestamp":"2017-05-04T02:59:55.260Z"}
{"level":"info","message":"Load Data Model :: /app/models/common/continent.model.json","timestamp":"2017-05-04T02:59:55.261Z"}
{"level":"info","message":"Load Data Model :: /app/models/common/notify_party.model.json","timestamp":"2017-05-04T02:59:55.261Z"}
{"level":"info","message":"Load Data Model :: /app/models/common/package.model.json","timestamp":"2017-05-04T02:59:55.261Z"}
{"level":"info","message":"Load Data Model :: /app/models/common/port.model.json","timestamp":"2017-05-04T02:59:55.262Z"}
{"level":"info","message":"Load Data Model :: /app/models/common/ship.model.json","timestamp":"2017-05-04T02:59:55.262Z"}
{"level":"info","message":"Load Data Model :: /app/models/common/shipline.model.json","timestamp":"2017-05-04T02:59:55.262Z"}
{"level":"info","message":"Load Data Model :: /app/models/common/surveyor.model.json","timestamp":"2017-05-04T02:59:55.263Z"}
{"level":"info","message":"Load Data Model :: /app/models/common/type_rice.model.json","timestamp":"2017-05-04T02:59:55.263Z"}
{"level":"info","message":"Load Data Model :: /app/models/g2g/book.model.json","timestamp":"2017-05-04T02:59:55.263Z"}
{"level":"info","message":"Load Data Model :: /app/models/g2g/contract.model.json","timestamp":"2017-05-04T02:59:55.264Z"}
{"level":"info","message":"Load Data Model :: /app/models/g2g/confirm_letter.model.json","timestamp":"2017-05-04T02:59:55.264Z"}
{"level":"info","message":"Load Data Model :: /app/models/g2g/fee.model.json","timestamp":"2017-05-04T02:59:55.264Z"}
{"level":"info","message":"Load Data Model :: /app/models/g2g/fee_detail.model.json","timestamp":"2017-05-04T02:59:55.265Z"}
{"level":"info","message":"Load Data Model :: /app/models/g2g/payment.model.json","timestamp":"2017-05-04T02:59:55.266Z"}
{"level":"info","message":"Load Data Model :: /app/models/g2g/invoice.model.json","timestamp":"2017-05-04T02:59:55.266Z"}
{"level":"info","message":"Load Data Model :: /app/models/g2g/payment_detail.model.json","timestamp":"2017-05-04T02:59:55.266Z"}
{"level":"info","message":"Load Data Model :: /app/models/g2g/shipment.model.json","timestamp":"2017-05-04T02:59:55.268Z"}
{"level":"info","message":"Load Data Model :: /app/models/g2g/shipment_detail.model.json","timestamp":"2017-05-04T02:59:55.268Z"}
{"level":"info","message":"nylon start route ::  /api/index >> /app/routes/index.routes.js","timestamp":"2017-05-04T02:59:55.271Z"}
{"level":"info","message":"nylon start route ::  /api/payment >> /app/routes/payment.routes.js","timestamp":"2017-05-04T02:59:55.274Z"}
{"level":"info","message":"nylon start route ::  /api/shipment >> /app/routes/shipment.routes.js","timestamp":"2017-05-04T02:59:55.276Z"}
{"level":"info","message":"nylon start route ::  /api/test >> /app/routes/test.routes.js","timestamp":"2017-05-04T02:59:55.277Z"}
{"level":"info","message":"nylon start route ::  /api/external/check >> /app/routes/external/check.routes.js","timestamp":"2017-05-04T02:59:55.284Z"}
{"level":"info","message":"nylon start route ::  /api/external/company >> /app/routes/external/company.routes.js","timestamp":"2017-05-04T02:59:55.291Z"}
{"level":"info","message":"nylon start route ::  /api/external/document_type >> /app/routes/external/document_type.routes.js","timestamp":"2017-05-04T02:59:55.297Z"}
{"level":"info","message":"nylon start route ::  /api/external/confirm_exporter >> /app/routes/external/confirm_exporter.routes.js","timestamp":"2017-05-04T02:59:55.308Z"}
{"level":"info","message":"nylon start route ::  /api/external/document_file >> /app/routes/external/document_file.routes.js","timestamp":"2017-05-04T02:59:55.315Z"}
{"level":"info","message":"nylon start route ::  /api/external/exporter >> /app/routes/external/exporter.routes.js","timestamp":"2017-05-04T02:59:55.326Z"}
{"level":"info","message":"nylon start route ::  /api/external/report_exporter >> /app/routes/external/report_exporter.routes.js","timestamp":"2017-05-04T02:59:55.338Z"}
{"level":"info","message":"nylon start route ::  /api/external/seller >> /app/routes/external/seller.routes.js","timestamp":"2017-05-04T02:59:55.347Z"}
{"level":"info","message":"nylon start route ::  /api/external/trader >> /app/routes/external/trader.routes.js","timestamp":"2017-05-04T02:59:55.356Z"}
{"level":"info","message":"nylon start route ::  /api/external/type_license >> /app/routes/external/type_license.routes.js","timestamp":"2017-05-04T02:59:55.363Z"}
{"level":"info","message":"nylon start route ::  /api/common/bank >> /app/routes/common/bank.routes.js","timestamp":"2017-05-04T02:59:55.377Z"}
{"level":"info","message":"nylon start route ::  /api/common/buyer >> /app/routes/common/buyer.routes.js","timestamp":"2017-05-04T02:59:55.379Z"}
{"level":"info","message":"nylon start route ::  /api/common/carrier >> /app/routes/common/carrier.routes.js","timestamp":"2017-05-04T02:59:55.381Z"}
{"level":"info","message":"nylon start route ::  /api/common/country >> /app/routes/common/country.routes.js","timestamp":"2017-05-04T02:59:55.383Z"}
{"level":"info","message":"nylon start route ::  /api/common/continent >> /app/routes/common/continent.routes.js","timestamp":"2017-05-04T02:59:55.384Z"}
{"level":"info","message":"nylon start route ::  /api/common/incoterms >> /app/routes/common/incoterms.routes.js","timestamp":"2017-05-04T02:59:55.386Z"}
{"level":"info","message":"nylon start route ::  /api/common/package >> /app/routes/common/package.routes.js","timestamp":"2017-05-04T02:59:55.387Z"}
{"level":"info","message":"nylon start route ::  /api/common/notify_party >> /app/routes/common/notify_party.routes.js","timestamp":"2017-05-04T02:59:55.389Z"}
{"level":"info","message":"nylon start route ::  /api/common/port >> /app/routes/common/port.routes.js","timestamp":"2017-05-04T02:59:55.391Z"}
{"level":"info","message":"nylon start route ::  /api/common/province >> /app/routes/common/province.routes.js","timestamp":"2017-05-04T02:59:55.392Z"}
{"level":"info","message":"nylon start route ::  /api/common/ship >> /app/routes/common/ship.routes.js","timestamp":"2017-05-04T02:59:55.394Z"}
{"level":"info","message":"nylon start route ::  /api/common/surveyor >> /app/routes/common/surveyor.routes.js","timestamp":"2017-05-04T02:59:55.396Z"}
{"level":"info","message":"nylon start route ::  /api/common/type_rice >> /app/routes/common/type_rice.routes.js","timestamp":"2017-05-04T02:59:55.399Z"}
{"level":"info","message":"nylon start route ::  /api/common/shipline >> /app/routes/common/shipline.routes.js","timestamp":"2017-05-04T02:59:55.402Z"}
{"level":"info","message":"nylon start route ::  /api/g2g/confirm >> /app/routes/g2g/confirm.routes.js","timestamp":"2017-05-04T02:59:55.404Z"}
{"level":"info","message":"nylon start route ::  /api/g2g/book >> /app/routes/g2g/book.routes.js","timestamp":"2017-05-04T02:59:55.406Z"}
{"level":"info","message":"nylon start route ::  /api/g2g/contract >> /app/routes/g2g/contract.routes.js","timestamp":"2017-05-04T02:59:55.408Z"}
{"level":"info","message":"nylon start route ::  /api/g2g/fee >> /app/routes/g2g/fee.routes.js","timestamp":"2017-05-04T02:59:55.411Z"}
{"level":"info","message":"nylon start route ::  /api/g2g/fee_detail >> /app/routes/g2g/fee_detail.routes.js","timestamp":"2017-05-04T02:59:55.414Z"}
{"level":"info","message":"nylon start route ::  /api/g2g/invoice >> /app/routes/g2g/invoice.routes.js","timestamp":"2017-05-04T02:59:55.417Z"}
{"level":"info","message":"nylon start route ::  /api/g2g/payment >> /app/routes/g2g/payment.routes.js","timestamp":"2017-05-04T02:59:55.420Z"}
{"level":"info","message":"nylon start route ::  /api/g2g/payment_detail >> /app/routes/g2g/payment_detail.routes.js","timestamp":"2017-05-04T02:59:55.421Z"}
{"level":"info","message":"nylon start route ::  /api/g2g/shipment >> /app/routes/g2g/shipment.routes.js","timestamp":"2017-05-04T02:59:55.424Z"}
{"level":"info","message":"nylon start route ::  /api/g2g/shipment_detail >> /app/routes/g2g/shipment_detail.routes.js","timestamp":"2017-05-04T02:59:55.427Z"}
{"level":"info","message":"Load Data Mode is ok","timestamp":"2017-05-04T02:59:55.469Z"}
{"level":"info","message":"Load Java Module :: /java/libs/apache-common/comm-2.0.jar","timestamp":"2017-05-04T02:59:55.493Z"}
{"level":"info","message":"Load Java Module :: /java/libs/apache-common/commons-beanutils-1.8.0.jar","timestamp":"2017-05-04T02:59:55.494Z"}
{"level":"info","message":"Load Java Module :: /java/libs/apache-common/commons-collections-3.2.1.jar","timestamp":"2017-05-04T02:59:55.494Z"}
{"level":"info","message":"Load Java Module :: /java/libs/apache-common/commons-configuration-1.6.jar","timestamp":"2017-05-04T02:59:55.495Z"}
{"level":"info","message":"Load Java Module :: /java/libs/apache-common/commons-digester-2.1.jar","timestamp":"2017-05-04T02:59:55.495Z"}
{"level":"info","message":"Load Java Module :: /java/libs/apache-common/commons-javaflow-20060411.jar","timestamp":"2017-05-04T02:59:55.496Z"}
{"level":"info","message":"Load Java Module :: /java/libs/apache-common/commons-lang-2.5.jar","timestamp":"2017-05-04T02:59:55.497Z"}
{"level":"info","message":"Load Java Module :: /java/libs/apache-common/commons-logging-1.1.1.jar","timestamp":"2017-05-04T02:59:55.500Z"}
{"level":"info","message":"Load Java Module :: /java/libs/jackson-2.8/com.fasterxml.jackson.annotations.jar","timestamp":"2017-05-04T02:59:55.500Z"}
{"level":"info","message":"Load Java Module :: /java/libs/jackson-2.8/com.fasterxml.jackson.databind.jar","timestamp":"2017-05-04T02:59:55.501Z"}
{"level":"info","message":"Load Java Module :: /java/libs/jackson-2.8/jackson-core-2.8.3.jar","timestamp":"2017-05-04T02:59:55.501Z"}
{"level":"info","message":"Load Java Module :: /java/libs/jasper-report/com.lowagie.text-2.1.7.jar","timestamp":"2017-05-04T02:59:55.501Z"}
{"level":"info","message":"Load Java Module :: /java/libs/jasper-report/groovy-all-2.0.1.jar","timestamp":"2017-05-04T02:59:55.501Z"}
{"level":"info","message":"Load Java Module :: /java/libs/jasper-report/itext-2.1.7.js4.jar","timestamp":"2017-05-04T02:59:55.502Z"}
{"level":"info","message":"Load Java Module :: /java/libs/jasper-report/jasperreports-6.3.1.jar","timestamp":"2017-05-04T02:59:55.502Z"}
{"level":"info","message":"Load Java Module :: /java/libs/jasper-report/jasperreports-fonts-6.3.1.jar","timestamp":"2017-05-04T02:59:55.502Z"}
{"level":"info","message":"Load Java Module :: /java/libs/log4j-1.2/log4j-1.2.16.jar","timestamp":"2017-05-04T02:59:55.503Z"}
{"level":"info","message":"Load Java Module :: /java/libs/jdbc/mysql-connector-java-5.1.40-bin.jar","timestamp":"2017-05-04T02:59:55.503Z"}
{"level":"info","message":"Load Java Module :: /java/libs/jdbc/ojdbc7.jar","timestamp":"2017-05-04T02:59:55.503Z"}
{"level":"info","message":"Load Java Module :: /java/libs/jdbc/sqljdbc41.jar","timestamp":"2017-05-04T02:59:55.504Z"}
{"level":"info","message":"Load Java Module :: /java/libs/poi-3.0.1/poi-3.10.1-20140818.jar","timestamp":"2017-05-04T02:59:55.504Z"}
{"level":"info","message":"Load Java Module :: /java/nylon-utility/dist/nylon-utility.jar","timestamp":"2017-05-04T02:59:55.504Z"}
{"level":"info","message":"Load Java Module :: /java/nylon-report/dist/nylon-report.jar","timestamp":"2017-05-04T02:59:55.505Z"}
{"level":"info","message":"JDBCConnect :: mysql","timestamp":"2017-05-04T02:59:57.192Z"}
{"level":"info","message":"JDBCConnect :: mssql","timestamp":"2017-05-04T02:59:57.192Z"}
{"level":"info","message":"JDBCConnect :: oracle","timestamp":"2017-05-04T02:59:57.193Z"}
